<?xml version="1.0" encoding="UTF-8"?>
<testng-results total="4" passed="0" failed="0" skipped="4">
  <reporter-output>
  </reporter-output>
  <suite started-at="2022-06-05T08:45:11Z" name="Default suite" finished-at="2022-06-05T08:50:15Z" duration-ms="303873">
    <groups>
    </groups>
    <test started-at="2022-06-05T08:45:11Z" name="Default test" finished-at="2022-06-05T08:50:15Z" duration-ms="303873">
      <class name="com.chek.pagesTest.AutenticationPageTest">
        <test-method is-config="true" signature="setUp()[pri:0, instance:com.chek.pagesTest.AutenticationPageTest@5e3f861]" started-at="2022-06-05T11:45:11Z" name="setUp" finished-at="2022-06-05T11:45:11Z" duration-ms="0" status="FAIL">
          <exception class="org.openqa.selenium.TimeoutException">
            <message>
              <![CDATA[TimedPromise timed out after 300000 ms
Build info: version: '3.141.59', revision: 'e82be7d358', time: '2018-11-14T08:25:48'
System info: host: 'RDDKEQAC01', ip: '192.168.100.5', os.name: 'Windows 10', os.arch: 'amd64', os.version: '10.0', java.version: '17.0.2'
Driver info: org.openqa.selenium.firefox.FirefoxDriver
Capabilities {acceptInsecureCerts: true, browserName: firefox, browserVersion: 101.0, javascriptEnabled: true, moz:accessibilityChecks: false, moz:buildID: 20220526203855, moz:geckodriverVersion: 0.30.0, moz:headless: false, moz:processID: 24244, moz:profile: C:\Users\EDWINO~1.RED\AppDa..., moz:shutdownTimeout: 60000, moz:useNonSpecCompliantPointerOrigin: false, moz:webdriverClick: true, pageLoadStrategy: normal, platform: WINDOWS, platformName: WINDOWS, platformVersion: 10.0, proxy: Proxy(), setWindowRect: true, strictFileInteractability: false, timeouts: {implicit: 0, pageLoad: 300000, script: 30000}, unhandledPromptBehavior: dismiss and notify}
Session ID: 112910de-73c5-4805-b0da-08d16dc9857d]]>
            </message>
            <full-stacktrace>
              <![CDATA[org.openqa.selenium.TimeoutException: TimedPromise timed out after 300000 ms
Build info: version: '3.141.59', revision: 'e82be7d358', time: '2018-11-14T08:25:48'
System info: host: 'RDDKEQAC01', ip: '192.168.100.5', os.name: 'Windows 10', os.arch: 'amd64', os.version: '10.0', java.version: '17.0.2'
Driver info: org.openqa.selenium.firefox.FirefoxDriver
Capabilities {acceptInsecureCerts: true, browserName: firefox, browserVersion: 101.0, javascriptEnabled: true, moz:accessibilityChecks: false, moz:buildID: 20220526203855, moz:geckodriverVersion: 0.30.0, moz:headless: false, moz:processID: 24244, moz:profile: C:\Users\EDWINO~1.RED\AppDa..., moz:shutdownTimeout: 60000, moz:useNonSpecCompliantPointerOrigin: false, moz:webdriverClick: true, pageLoadStrategy: normal, platform: WINDOWS, platformName: WINDOWS, platformVersion: 10.0, proxy: Proxy(), setWindowRect: true, strictFileInteractability: false, timeouts: {implicit: 0, pageLoad: 300000, script: 30000}, unhandledPromptBehavior: dismiss and notify}
Session ID: 112910de-73c5-4805-b0da-08d16dc9857d
	at java.base/jdk.internal.reflect.NativeConstructorAccessorImpl.newInstance0(Native Method)
	at java.base/jdk.internal.reflect.NativeConstructorAccessorImpl.newInstance(NativeConstructorAccessorImpl.java:77)
	at java.base/jdk.internal.reflect.DelegatingConstructorAccessorImpl.newInstance(DelegatingConstructorAccessorImpl.java:45)
	at java.base/java.lang.reflect.Constructor.newInstanceWithCaller(Constructor.java:499)
	at java.base/java.lang.reflect.Constructor.newInstance(Constructor.java:480)
	at org.openqa.selenium.remote.http.W3CHttpResponseCodec.createException(W3CHttpResponseCodec.java:187)
	at org.openqa.selenium.remote.http.W3CHttpResponseCodec.decode(W3CHttpResponseCodec.java:122)
	at org.openqa.selenium.remote.http.W3CHttpResponseCodec.decode(W3CHttpResponseCodec.java:49)
	at org.openqa.selenium.remote.HttpCommandExecutor.execute(HttpCommandExecutor.java:158)
	at org.openqa.selenium.remote.service.DriverCommandExecutor.execute(DriverCommandExecutor.java:83)
	at org.openqa.selenium.remote.RemoteWebDriver.execute(RemoteWebDriver.java:552)
	at org.openqa.selenium.remote.RemoteWebDriver.get(RemoteWebDriver.java:277)
	at com.chek.setups.Setups.defaultSetup(Setups.java:58)
	at com.chek.setups.Setups.autenticationPageSetup(Setups.java:71)
	at com.chek.pagesTest.AutenticationPageTest.setUp(AutenticationPageTest.java:34)
	at java.base/jdk.internal.reflect.NativeMethodAccessorImpl.invoke0(Native Method)
	at java.base/jdk.internal.reflect.NativeMethodAccessorImpl.invoke(NativeMethodAccessorImpl.java:77)
	at java.base/jdk.internal.reflect.DelegatingMethodAccessorImpl.invoke(DelegatingMethodAccessorImpl.java:43)
	at java.base/java.lang.reflect.Method.invoke(Method.java:568)
	at org.testng.internal.MethodInvocationHelper.invokeMethod(MethodInvocationHelper.java:80)
	at org.testng.internal.Invoker.invokeConfigurationMethod(Invoker.java:564)
	at org.testng.internal.Invoker.invokeConfigurations(Invoker.java:213)
	at org.testng.internal.Invoker.invokeMethod(Invoker.java:653)
	at org.testng.internal.Invoker.invokeTestMethod(Invoker.java:907)
	at org.testng.internal.Invoker.invokeTestMethods(Invoker.java:1237)
	at org.testng.internal.TestMethodWorker.invokeTestMethods(TestMethodWorker.java:127)
	at org.testng.internal.TestMethodWorker.run(TestMethodWorker.java:111)
	at org.testng.TestRunner.privateRun(TestRunner.java:767)
	at org.testng.TestRunner.run(TestRunner.java:617)
	at org.testng.SuiteRunner.runTest(SuiteRunner.java:334)
	at org.testng.SuiteRunner.runSequentially(SuiteRunner.java:329)
	at org.testng.SuiteRunner.privateRun(SuiteRunner.java:291)
	at org.testng.SuiteRunner.run(SuiteRunner.java:240)
	at org.testng.SuiteRunnerWorker.runSuite(SuiteRunnerWorker.java:51)
	at org.testng.SuiteRunnerWorker.run(SuiteRunnerWorker.java:85)
	at org.testng.TestNG.runSuitesSequentially(TestNG.java:1197)
	at org.testng.TestNG.runSuitesLocally(TestNG.java:1122)
	at org.testng.TestNG.run(TestNG.java:1030)
	at org.testng.remote.AbstractRemoteTestNG.run(AbstractRemoteTestNG.java:115)
	at org.testng.remote.RemoteTestNG.initAndRun(RemoteTestNG.java:251)
	at org.testng.remote.RemoteTestNG.main(RemoteTestNG.java:77)
]]>
            </full-stacktrace>
          </exception> <!-- org.openqa.selenium.TimeoutException -->
          <reporter-output>
          </reporter-output>
        </test-method> <!-- setUp -->
        <test-method signature="testNonRegisteredUserLogin_noEmailAndPassword_clickButtonSignIn()[pri:0, instance:com.chek.pagesTest.AutenticationPageTest@5e3f861]" started-at="2022-06-05T11:50:15Z" name="testNonRegisteredUserLogin_noEmailAndPassword_clickButtonSignIn" finished-at="2022-06-05T11:50:15Z" duration-ms="2" status="SKIP">
          <reporter-output>
          </reporter-output>
        </test-method> <!-- testNonRegisteredUserLogin_noEmailAndPassword_clickButtonSignIn -->
        <test-method is-config="true" signature="tearDown()[pri:0, instance:com.chek.pagesTest.AutenticationPageTest@5e3f861]" started-at="2022-06-05T11:50:15Z" name="tearDown" finished-at="2022-06-05T11:50:15Z" duration-ms="0" status="SKIP">
          <reporter-output>
          </reporter-output>
        </test-method> <!-- tearDown -->
        <test-method is-config="true" signature="setUp()[pri:0, instance:com.chek.pagesTest.AutenticationPageTest@5e3f861]" started-at="2022-06-05T11:50:15Z" name="setUp" finished-at="2022-06-05T11:50:15Z" duration-ms="0" status="SKIP">
          <reporter-output>
          </reporter-output>
        </test-method> <!-- setUp -->
        <test-method signature="testNonRegisteredUserLogin_emailNoPassword_clickButtonSignIn()[pri:0, instance:com.chek.pagesTest.AutenticationPageTest@5e3f861]" started-at="2022-06-05T11:50:15Z" name="testNonRegisteredUserLogin_emailNoPassword_clickButtonSignIn" finished-at="2022-06-05T11:50:15Z" duration-ms="2" status="SKIP">
          <reporter-output>
          </reporter-output>
        </test-method> <!-- testNonRegisteredUserLogin_emailNoPassword_clickButtonSignIn -->
        <test-method is-config="true" signature="tearDown()[pri:0, instance:com.chek.pagesTest.AutenticationPageTest@5e3f861]" started-at="2022-06-05T11:50:15Z" name="tearDown" finished-at="2022-06-05T11:50:15Z" duration-ms="0" status="SKIP">
          <reporter-output>
          </reporter-output>
        </test-method> <!-- tearDown -->
        <test-method is-config="true" signature="setUp()[pri:0, instance:com.chek.pagesTest.AutenticationPageTest@5e3f861]" started-at="2022-06-05T11:50:15Z" name="setUp" finished-at="2022-06-05T11:50:15Z" duration-ms="0" status="SKIP">
          <reporter-output>
          </reporter-output>
        </test-method> <!-- setUp -->
        <test-method signature="testNonRegisteredUserLogin_invalidEmailAndPassword_clickButtonSignIn()[pri:0, instance:com.chek.pagesTest.AutenticationPageTest@5e3f861]" started-at="2022-06-05T11:50:15Z" name="testNonRegisteredUserLogin_invalidEmailAndPassword_clickButtonSignIn" finished-at="2022-06-05T11:50:15Z" duration-ms="1" status="SKIP">
          <reporter-output>
          </reporter-output>
        </test-method> <!-- testNonRegisteredUserLogin_invalidEmailAndPassword_clickButtonSignIn -->
        <test-method is-config="true" signature="tearDown()[pri:0, instance:com.chek.pagesTest.AutenticationPageTest@5e3f861]" started-at="2022-06-05T11:50:15Z" name="tearDown" finished-at="2022-06-05T11:50:15Z" duration-ms="0" status="SKIP">
          <reporter-output>
          </reporter-output>
        </test-method> <!-- tearDown -->
        <test-method is-config="true" signature="setUp()[pri:0, instance:com.chek.pagesTest.AutenticationPageTest@5e3f861]" started-at="2022-06-05T11:50:15Z" name="setUp" finished-at="2022-06-05T11:50:15Z" duration-ms="0" status="SKIP">
          <reporter-output>
          </reporter-output>
        </test-method> <!-- setUp -->
        <test-method signature="testAutenticationPage_signIn_sucessfuly()[pri:0, instance:com.chek.pagesTest.AutenticationPageTest@5e3f861]" started-at="2022-06-05T11:50:15Z" name="testAutenticationPage_signIn_sucessfuly" finished-at="2022-06-05T11:50:15Z" duration-ms="2" status="SKIP">
          <reporter-output>
          </reporter-output>
        </test-method> <!-- testAutenticationPage_signIn_sucessfuly -->
        <test-method is-config="true" signature="tearDown()[pri:0, instance:com.chek.pagesTest.AutenticationPageTest@5e3f861]" started-at="2022-06-05T11:50:15Z" name="tearDown" finished-at="2022-06-05T11:50:15Z" duration-ms="0" status="SKIP">
          <reporter-output>
          </reporter-output>
        </test-method> <!-- tearDown -->
      </class> <!-- com.chek.pagesTest.AutenticationPageTest -->
    </test> <!-- Default test -->
  </suite> <!-- Default suite -->
</testng-results>
